<?xml version="1.0" encoding="UTF-8"?>
<!-- Generated by org.testng.reporters.JUnitXMLReporter -->
<testsuite ignored="2" hostname="DESKTOP-KKAIG1T" failures="0" tests="2" name="Test" time="0.059" errors="0" timestamp="2022-10-08T01:43:44 IST">
  <testcase classname="test.LoanTest" name="HomeLoanTest" time="0.009"/>
  <testcase classname="test.CardTest" name="CCTest" time="0.004"/>
  <testcase classname="test.LoanTest" name="PersonalLoanTest1" time="0.0">
    <ignored/>
  </testcase> <!-- PersonalLoanTest1 -->
  <testcase classname="test.LoanTest" name="PersonalLoanTest" time="0.0">
    <ignored/>
  </testcase> <!-- PersonalLoanTest -->
</testsuite> <!-- Test -->
