<?xml version="1.0" encoding="UTF-8"?>
<testng-results ignored="2" total="4" passed="2" failed="0" skipped="0">
  <reporter-output>
  </reporter-output>
  <suite started-at="2022-10-08T01:43:44 IST" name="Suite" finished-at="2022-10-08T01:43:44 IST" duration-ms="59">
    <groups>
      <group name="sanity">
        <method signature="CardTest.CCTest()[pri:0, instance:test.CardTest@be35cd9]" name="CCTest" class="test.CardTest"/>
        <method signature="LoanTest.HomeLoanTest()[pri:0, instance:test.LoanTest@747edf66]" name="HomeLoanTest" class="test.LoanTest"/>
      </group> <!-- sanity -->
    </groups>
    <test started-at="2022-10-08T01:43:44 IST" name="Test" finished-at="2022-10-08T01:43:44 IST" duration-ms="59">
      <class name="test.LoanTest">
        <test-method signature="HomeLoanTest()[pri:0, instance:test.LoanTest@747edf66]" started-at="2022-10-08T01:43:44 IST" name="HomeLoanTest" finished-at="2022-10-08T01:43:44 IST" duration-ms="9" status="PASS">
          <reporter-output>
          </reporter-output>
        </test-method> <!-- HomeLoanTest -->
      </class> <!-- test.LoanTest -->
      <class name="test.CardTest">
        <test-method signature="CCTest()[pri:0, instance:test.CardTest@be35cd9]" started-at="2022-10-08T01:43:44 IST" name="CCTest" finished-at="2022-10-08T01:43:44 IST" duration-ms="4" status="PASS">
          <reporter-output>
          </reporter-output>
        </test-method> <!-- CCTest -->
      </class> <!-- test.CardTest -->
    </test> <!-- Test -->
  </suite> <!-- Suite -->
</testng-results>
